# JRE version: OpenJDK Runtime Environment (22.0.1+8) (build 22.0.1+8-16)
# Java VM: OpenJDK 64-Bit Server VM (22.0.1+8-16, mixed mode, sharing, tiered, compressed oops, compressed class ptrs, g1 gc, windows-amd64)
GC Precious Log:
 CardTable entry size: 512
 Card Set container configuration: InlinePtr #cards 4 size 8 Array Of Cards #cards 16 size 48 Howl #buckets 8 coarsen threshold 3686 Howl Bitmap #cards 512 size 80 coarsen threshold 460 Card regions per heap region 1 cards per card region 4096
 CPUs: 4 total, 4 available
 Memory: 12188M
 Large Page Support: Disabled
 NUMA Support: Disabled
 Compressed Oops: Enabled (Zero based)
 Heap Region Size: 2M
 Heap Min Capacity: 8M
 Heap Initial Capacity: 192M
 Heap Max Capacity: 3048M
 Pre-touch: Disabled
 Parallel Workers: 4
 Concurrent Workers: 1
 Concurrent Refinement Workers: 4
 Periodic GC: Disabled
Heap:
 garbage-first heap   total reserved 3121152K, committed 196608K, used 116480K [0x0000000741800000, 0x0000000800000000)
  region size 2048K, 12 young (24576K), 3 survivors (6144K)
 Metaspace       used 21676K, committed 22080K, reserved 1114112K
  class space    used 3195K, committed 3392K, reserved 1048576K
GC Heap History (10 events):
Event: 1.060 GC heap before
{Heap before GC invocations=0 (full 0):
 garbage-first heap   total reserved 3121152K, committed 196608K, used 14336K [0x0000000741800000, 0x0000000800000000)
  region size 2048K, 7 young (14336K), 0 survivors (0K)
 Metaspace       used 3736K, committed 3968K, reserved 1114112K
  class space    used 379K, committed 512K, reserved 1048576K
}
Event: 1.070 GC heap after
{Heap after GC invocations=1 (full 0):
 garbage-first heap   total reserved 3121152K, committed 196608K, used 4320K [0x0000000741800000, 0x0000000800000000)
  region size 2048K, 1 young (2048K), 1 survivors (2048K)
 Metaspace       used 3736K, committed 3968K, reserved 1114112K
  class space    used 379K, committed 512K, reserved 1048576K
}
Event: 1.710 GC heap before
{Heap before GC invocations=1 (full 0):
 garbage-first heap   total reserved 3121152K, committed 196608K, used 16608K [0x0000000741800000, 0x0000000800000000)
  region size 2048K, 8 young (16384K), 1 survivors (2048K)
 Metaspace       used 9454K, committed 9664K, reserved 1114112K
  class space    used 1171K, committed 1280K, reserved 1048576K
}
Event: 1.719 GC heap after
{Heap after GC invocations=2 (full 0):
 garbage-first heap   total reserved 3121152K, committed 196608K, used 7203K [0x0000000741800000, 0x0000000800000000)
  region size 2048K, 1 young (2048K), 1 survivors (2048K)
 Metaspace       used 9454K, committed 9664K, reserved 1114112K
  class space    used 1171K, committed 1280K, reserved 1048576K
}
Event: 3.333 GC heap before
{Heap before GC invocations=2 (full 0):
 garbage-first heap   total reserved 3121152K, committed 196608K, used 46115K [0x0000000741800000, 0x0000000800000000)
  region size 2048K, 12 young (24576K), 1 survivors (2048K)
 Metaspace       used 16252K, committed 16576K, reserved 1114112K
  class space    used 2429K, committed 2560K, reserved 1048576K
}
Event: 3.340 GC heap after
{Heap after GC invocations=3 (full 0):
 garbage-first heap   total reserved 3121152K, committed 196608K, used 28858K [0x0000000741800000, 0x0000000800000000)
  region size 2048K, 2 young (4096K), 2 survivors (4096K)
 Metaspace       used 16252K, committed 16576K, reserved 1114112K
  class space    used 2429K, committed 2560K, reserved 1048576K
}
Event: 7.033 GC heap before
{Heap before GC invocations=3 (full 0):
 garbage-first heap   total reserved 3121152K, committed 196608K, used 100538K [0x0000000741800000, 0x0000000800000000)
  region size 2048K, 22 young (45056K), 2 survivors (4096K)
 Metaspace       used 21101K, committed 21504K, reserved 1114112K
  class space    used 3184K, committed 3392K, reserved 1048576K
}
Event: 7.050 GC heap after
{Heap after GC invocations=4 (full 0):
 garbage-first heap   total reserved 3121152K, committed 196608K, used 67584K [0x0000000741800000, 0x0000000800000000)
  region size 2048K, 4 young (8192K), 4 survivors (8192K)
 Metaspace       used 21101K, committed 21504K, reserved 1114112K
  class space    used 3184K, committed 3392K, reserved 1048576K
}
Event: 7.855 GC heap before
{Heap before GC invocations=5 (full 0):
 garbage-first heap   total reserved 3121152K, committed 196608K, used 96256K [0x0000000741800000, 0x0000000800000000)
  region size 2048K, 7 young (14336K), 4 survivors (8192K)
 Metaspace       used 21225K, committed 21696K, reserved 1114112K
  class space    used 3187K, committed 3392K, reserved 1048576K
}
Event: 7.870 GC heap after
{Heap after GC invocations=6 (full 0):
 garbage-first heap   total reserved 3121152K, committed 196608K, used 96000K [0x0000000741800000, 0x0000000800000000)
  region size 2048K, 3 young (6144K), 3 survivors (6144K)
 Metaspace       used 21225K, committed 21696K, reserved 1114112K
  class space    used 3187K, committed 3392K, reserved 1048576K
}

